INFO: [VRFC 10-2263] Analyzing SystemVerilog file "C:/Users/jens_/wave_array/vhdl/ddr3/ddr3.v" into library work
INFO: [VRFC 10-311] analyzing module ddr3
ERROR: [VRFC 10-4982] syntax error near 'You' [C:/Users/jens_/wave_array/vhdl/ddr3/ddr3.v:129]
INFO: [VRFC 10-2458] undeclared symbol DQS_BITS, assumed default net type wire [C:/Users/jens_/wave_array/vhdl/ddr3/ddr3.v:537]
INFO: [VRFC 10-2458] undeclared symbol DQ_BITS, assumed default net type wire [C:/Users/jens_/wave_array/vhdl/ddr3/ddr3.v:539]
INFO: [VRFC 10-2458] undeclared symbol TZQCS, assumed default net type wire [C:/Users/jens_/wave_array/vhdl/ddr3/ddr3.v:542]
INFO: [VRFC 10-2458] undeclared symbol TZQINIT, assumed default net type wire [C:/Users/jens_/wave_array/vhdl/ddr3/ddr3.v:543]
INFO: [VRFC 10-2458] undeclared symbol TZQOPER, assumed default net type wire [C:/Users/jens_/wave_array/vhdl/ddr3/ddr3.v:544]
ERROR: [VRFC 10-2989] 'TDLLK' is not declared [C:/Users/jens_/wave_array/vhdl/ddr3/ddr3.v:137]
ERROR: [VRFC 10-2989] 'DM_BITS' is not declared [C:/Users/jens_/wave_array/vhdl/ddr3/ddr3.v:156]
ERROR: [VRFC 10-1775] range must be bounded by constant expressions [C:/Users/jens_/wave_array/vhdl/ddr3/ddr3.v:156]
ERROR: [VRFC 10-2989] 'BA_BITS' is not declared [C:/Users/jens_/wave_array/vhdl/ddr3/ddr3.v:157]
ERROR: [VRFC 10-1775] range must be bounded by constant expressions [C:/Users/jens_/wave_array/vhdl/ddr3/ddr3.v:157]
ERROR: [VRFC 10-2989] 'ADDR_BITS' is not declared [C:/Users/jens_/wave_array/vhdl/ddr3/ddr3.v:158]
ERROR: [VRFC 10-1775] range must be bounded by constant expressions [C:/Users/jens_/wave_array/vhdl/ddr3/ddr3.v:158]
ERROR: [VRFC 10-2951] 'DQ_BITS' is not a constant [C:/Users/jens_/wave_array/vhdl/ddr3/ddr3.v:159]
ERROR: [VRFC 10-1775] range must be bounded by constant expressions [C:/Users/jens_/wave_array/vhdl/ddr3/ddr3.v:159]
ERROR: [VRFC 10-2951] 'DQS_BITS' is not a constant [C:/Users/jens_/wave_array/vhdl/ddr3/ddr3.v:160]
ERROR: [VRFC 10-1775] range must be bounded by constant expressions [C:/Users/jens_/wave_array/vhdl/ddr3/ddr3.v:160]
ERROR: [VRFC 10-2951] 'DQS_BITS' is not a constant [C:/Users/jens_/wave_array/vhdl/ddr3/ddr3.v:161]
ERROR: [VRFC 10-1775] range must be bounded by constant expressions [C:/Users/jens_/wave_array/vhdl/ddr3/ddr3.v:161]
ERROR: [VRFC 10-2951] 'DQS_BITS' is not a constant [C:/Users/jens_/wave_array/vhdl/ddr3/ddr3.v:162]
ERROR: [VRFC 10-1775] range must be bounded by constant expressions [C:/Users/jens_/wave_array/vhdl/ddr3/ddr3.v:162]
ERROR: [VRFC 10-2951] 'DQS_BITS' is not a constant [C:/Users/jens_/wave_array/vhdl/ddr3/ddr3.v:186]
ERROR: [VRFC 10-1775] range must be bounded by constant expressions [C:/Users/jens_/wave_array/vhdl/ddr3/ddr3.v:186]
ERROR: [VRFC 10-2989] 'ADDR_BITS' is not declared [C:/Users/jens_/wave_array/vhdl/ddr3/ddr3.v:194]
INFO: [#UNDEF] Sorry, too many errors..
